<?xml version="1.0" encoding="UTF-8"?>
<!-- Generated by org.testng.reporters.JUnitXMLReporter -->
<testsuite ignored="3" hostname="DESKTOP-M9TKJRV" failures="0" tests="2" name="Test" time="0.073" errors="0" timestamp="2024-12-29T13:09:37 IST">
  <testcase classname="preparation.TestngTest" name="printC" time="0.008"/>
  <testcase classname="preparation.TestngTest" name="printD" time="0.002"/>
  <testcase classname="preparation.TestngTest" name="printB" time="0.0">
    <ignored/>
  </testcase> <!-- printB -->
  <testcase classname="preparation.TestngTest" name="printA" time="0.0">
    <ignored/>
  </testcase> <!-- printA -->
  <testcase classname="preparation.TestngTest" name="printE" time="0.0">
    <ignored/>
  </testcase> <!-- printE -->
</testsuite> <!-- Test -->
